# JRE version: OpenJDK Runtime Environment (17.0.10) (build 17.0.10+0--11609105)
# Java VM: OpenJDK 64-Bit Server VM (17.0.10+0--11609105, mixed mode, tiered, compressed oops, compressed class ptrs, g1 gc, windows-amd64)
GC Precious Log:
 CPUs: 4 total, 4 available
 Memory: 16259M
 Large Page Support: Disabled
 NUMA Support: Disabled
 Compressed Oops: Enabled (32-bit)
 Heap Region Size: 1M
 Heap Min Capacity: 8M
 Heap Initial Capacity: 256M
 Heap Max Capacity: 2G
 Pre-touch: Disabled
 Parallel Workers: 4
 Concurrent Workers: 1
 Concurrent Refinement Workers: 4
 Periodic GC: Disabled
Heap:
 garbage-first heap   total 242688K, used 166971K [0x0000000080000000, 0x0000000100000000)
  region size 1024K, 29 young (29696K), 2 survivors (2048K)
 Metaspace       used 122132K, committed 122816K, reserved 1179648K
  class space    used 15980K, committed 16320K, reserved 1048576K
GC Heap History (20 events):
Event: 40.219 GC heap before
{Heap before GC invocations=42 (full 0):
 garbage-first heap   total 147456K, used 119355K [0x0000000080000000, 0x0000000100000000)
  region size 1024K, 30 young (30720K), 5 survivors (5120K)
 Metaspace       used 97009K, committed 97664K, reserved 1179648K
  class space    used 13272K, committed 13568K, reserved 1048576K
}
Event: 40.237 GC heap after
{Heap after GC invocations=43 (full 0):
 garbage-first heap   total 147456K, used 96356K [0x0000000080000000, 0x0000000100000000)
  region size 1024K, 4 young (4096K), 4 survivors (4096K)
 Metaspace       used 97009K, committed 97664K, reserved 1179648K
  class space    used 13272K, committed 13568K, reserved 1048576K
}
Event: 40.441 GC heap before
{Heap before GC invocations=43 (full 0):
 garbage-first heap   total 147456K, used 116836K [0x0000000080000000, 0x0000000100000000)
  region size 1024K, 25 young (25600K), 4 survivors (4096K)
 Metaspace       used 97013K, committed 97664K, reserved 1179648K
  class space    used 13272K, committed 13568K, reserved 1048576K
}
Event: 40.455 GC heap after
{Heap after GC invocations=44 (full 0):
 garbage-first heap   total 147456K, used 103380K [0x0000000080000000, 0x0000000100000000)
  region size 1024K, 4 young (4096K), 4 survivors (4096K)
 Metaspace       used 97013K, committed 97664K, reserved 1179648K
  class space    used 13272K, committed 13568K, reserved 1048576K
}
Event: 40.559 GC heap before
{Heap before GC invocations=44 (full 0):
 garbage-first heap   total 147456K, used 118740K [0x0000000080000000, 0x0000000100000000)
  region size 1024K, 20 young (20480K), 4 survivors (4096K)
 Metaspace       used 97015K, committed 97664K, reserved 1179648K
  class space    used 13272K, committed 13568K, reserved 1048576K
}
Event: 40.571 GC heap after
{Heap after GC invocations=45 (full 0):
 garbage-first heap   total 216064K, used 108867K [0x0000000080000000, 0x0000000100000000)
  region size 1024K, 3 young (3072K), 3 survivors (3072K)
 Metaspace       used 97015K, committed 97664K, reserved 1179648K
  class space    used 13272K, committed 13568K, reserved 1048576K
}
Event: 41.933 GC heap before
{Heap before GC invocations=45 (full 0):
 garbage-first heap   total 216064K, used 164163K [0x0000000080000000, 0x0000000100000000)
  region size 1024K, 52 young (53248K), 3 survivors (3072K)
 Metaspace       used 101579K, committed 102208K, reserved 1179648K
  class space    used 13783K, committed 14080K, reserved 1048576K
}
Event: 41.948 GC heap after
{Heap after GC invocations=46 (full 0):
 garbage-first heap   total 216064K, used 121741K [0x0000000080000000, 0x0000000100000000)
  region size 1024K, 7 young (7168K), 7 survivors (7168K)
 Metaspace       used 101579K, committed 102208K, reserved 1179648K
  class space    used 13783K, committed 14080K, reserved 1048576K
}
Event: 43.031 GC heap before
{Heap before GC invocations=46 (full 0):
 garbage-first heap   total 216064K, used 165773K [0x0000000080000000, 0x0000000100000000)
  region size 1024K, 50 young (51200K), 7 survivors (7168K)
 Metaspace       used 106627K, committed 107264K, reserved 1179648K
  class space    used 14233K, committed 14528K, reserved 1048576K
}
Event: 43.045 GC heap after
{Heap after GC invocations=47 (full 0):
 garbage-first heap   total 216064K, used 127100K [0x0000000080000000, 0x0000000100000000)
  region size 1024K, 5 young (5120K), 5 survivors (5120K)
 Metaspace       used 106627K, committed 107264K, reserved 1179648K
  class space    used 14233K, committed 14528K, reserved 1048576K
}
Event: 44.213 GC heap before
{Heap before GC invocations=47 (full 0):
 garbage-first heap   total 216064K, used 170108K [0x0000000080000000, 0x0000000100000000)
  region size 1024K, 47 young (48128K), 5 survivors (5120K)
 Metaspace       used 111864K, committed 112512K, reserved 1179648K
  class space    used 14853K, committed 15168K, reserved 1048576K
}
Event: 44.223 GC heap after
{Heap after GC invocations=48 (full 0):
 garbage-first heap   total 216064K, used 130402K [0x0000000080000000, 0x0000000100000000)
  region size 1024K, 4 young (4096K), 4 survivors (4096K)
 Metaspace       used 111864K, committed 112512K, reserved 1179648K
  class space    used 14853K, committed 15168K, reserved 1048576K
}
Event: 45.035 GC heap before
{Heap before GC invocations=48 (full 0):
 garbage-first heap   total 216064K, used 174434K [0x0000000080000000, 0x0000000100000000)
  region size 1024K, 46 young (47104K), 4 survivors (4096K)
 Metaspace       used 115473K, committed 116096K, reserved 1179648K
  class space    used 15320K, committed 15616K, reserved 1048576K
}
Event: 45.045 GC heap after
{Heap after GC invocations=49 (full 0):
 garbage-first heap   total 216064K, used 132647K [0x0000000080000000, 0x0000000100000000)
  region size 1024K, 6 young (6144K), 6 survivors (6144K)
 Metaspace       used 115473K, committed 116096K, reserved 1179648K
  class space    used 15320K, committed 15616K, reserved 1048576K
}
Event: 46.281 GC heap before
{Heap before GC invocations=49 (full 0):
 garbage-first heap   total 216064K, used 175655K [0x0000000080000000, 0x0000000100000000)
  region size 1024K, 48 young (49152K), 6 survivors (6144K)
 Metaspace       used 117909K, committed 118592K, reserved 1179648K
  class space    used 15588K, committed 15872K, reserved 1048576K
}
Event: 46.293 GC heap after
{Heap after GC invocations=50 (full 0):
 garbage-first heap   total 216064K, used 135418K [0x0000000080000000, 0x0000000100000000)
  region size 1024K, 6 young (6144K), 6 survivors (6144K)
 Metaspace       used 117909K, committed 118592K, reserved 1179648K
  class space    used 15588K, committed 15872K, reserved 1048576K
}
Event: 47.283 GC heap before
{Heap before GC invocations=50 (full 0):
 garbage-first heap   total 216064K, used 177402K [0x0000000080000000, 0x0000000100000000)
  region size 1024K, 47 young (48128K), 6 survivors (6144K)
 Metaspace       used 119407K, committed 120064K, reserved 1179648K
  class space    used 15757K, committed 16064K, reserved 1048576K
}
Event: 47.298 GC heap after
{Heap after GC invocations=51 (full 0):
 garbage-first heap   total 216064K, used 139254K [0x0000000080000000, 0x0000000100000000)
  region size 1024K, 4 young (4096K), 4 survivors (4096K)
 Metaspace       used 119407K, committed 120064K, reserved 1179648K
  class space    used 15757K, committed 16064K, reserved 1048576K
}
Event: 47.628 GC heap before
{Heap before GC invocations=51 (full 0):
 garbage-first heap   total 216064K, used 147446K [0x0000000080000000, 0x0000000100000000)
  region size 1024K, 13 young (13312K), 4 survivors (4096K)
 Metaspace       used 120336K, committed 120960K, reserved 1179648K
  class space    used 15849K, committed 16128K, reserved 1048576K
}
Event: 47.637 GC heap after
{Heap after GC invocations=52 (full 0):
 garbage-first heap   total 216064K, used 140347K [0x0000000080000000, 0x0000000100000000)
  region size 1024K, 2 young (2048K), 2 survivors (2048K)
 Metaspace       used 120336K, committed 120960K, reserved 1179648K
  class space    used 15849K, committed 16128K, reserved 1048576K
}

